<?xml version="1.0" encoding="UTF-8"?>
<testng-results skipped="0" failed="1" ignored="0" total="4" passed="3">
  <reporter-output>
  </reporter-output>
  <suite name="Surefire suite" duration-ms="11110" started-at="2021-08-17T17:46:06 EEST" finished-at="2021-08-17T17:46:17 EEST">
    <groups>
    </groups>
    <test name="Surefire test" duration-ms="11110" started-at="2021-08-17T17:46:06 EEST" finished-at="2021-08-17T17:46:17 EEST">
      <class name="GenreServiseTest">
        <test-method status="PASS" signature="verifyGenreByID()[pri:0, instance:GenreServiseTest@162be91c]" name="verifyGenreByID" duration-ms="3286" started-at="2021-08-17T17:46:09 EEST" finished-at="2021-08-17T17:46:12 EEST">
          <reporter-output>
          </reporter-output>
        </test-method> <!-- verifyGenreByID -->
      </class> <!-- GenreServiseTest -->
      <class name="Tests">
        <test-method status="PASS" signature="setUp()[pri:0, instance:Tests@4690f583]" name="setUp" is-config="true" duration-ms="2419" started-at="2021-08-17T17:46:06 EEST" finished-at="2021-08-17T17:46:08 EEST">
          <reporter-output>
          </reporter-output>
        </test-method> <!-- setUp -->
        <test-method status="PASS" signature="checkAuthorEndpoints()[pri:0, instance:Tests@4690f583]" name="checkAuthorEndpoints" duration-ms="4013" started-at="2021-08-17T17:46:12 EEST" description="check author&#039;s endpoints" finished-at="2021-08-17T17:46:16 EEST">
          <reporter-output>
          </reporter-output>
        </test-method> <!-- checkAuthorEndpoints -->
        <test-method status="FAIL" signature="checkGenresEndpoints()[pri:0, instance:Tests@4690f583]" name="checkGenresEndpoints" duration-ms="845" started-at="2021-08-17T17:46:16 EEST" description="check genre&#039;s endpoints" finished-at="2021-08-17T17:46:17 EEST">
          <exception class="java.lang.AssertionError">
            <message>
              <![CDATA[
Expecting ArrayList:
  ["Fairy tale",
    "Fantasy",
    "Biography/Autobiography",
    "Historical fiction",
    "Short story",
    "Mythopoeia",
    "Legend",
    "Suspense/Thriller",
    "Speech",
    "Folklore"]
to contain:
  ["Leggend"]
but could not find the following element(s):
  ["Leggend"]
]]>
            </message>
            <full-stacktrace>
              <![CDATA[java.lang.AssertionError: 
Expecting ArrayList:
  ["Fairy tale",
    "Fantasy",
    "Biography/Autobiography",
    "Historical fiction",
    "Short story",
    "Mythopoeia",
    "Legend",
    "Suspense/Thriller",
    "Speech",
    "Folklore"]
to contain:
  ["Leggend"]
but could not find the following element(s):
  ["Leggend"]

at webservices.GenreWebService.verifyListGenresContainsGenre(GenreWebService.java:106)
at Tests.checkGenresEndpoints(Tests.java:17)
at sun.reflect.NativeMethodAccessorImpl.invoke0(Native Method)
at sun.reflect.NativeMethodAccessorImpl.invoke(NativeMethodAccessorImpl.java:62)
at sun.reflect.DelegatingMethodAccessorImpl.invoke(DelegatingMethodAccessorImpl.java:43)
at java.lang.reflect.Method.invoke(Method.java:498)
at org.testng.internal.MethodInvocationHelper.invokeMethod(MethodInvocationHelper.java:133)
at org.testng.internal.TestInvoker.invokeMethod(TestInvoker.java:598)
at org.testng.internal.TestInvoker.invokeTestMethod(TestInvoker.java:173)
at org.testng.internal.MethodRunner.runInSequence(MethodRunner.java:46)
at org.testng.internal.TestInvoker$MethodInvocationAgent.invoke(TestInvoker.java:824)
at org.testng.internal.TestInvoker.invokeTestMethods(TestInvoker.java:146)
at org.testng.internal.TestMethodWorker.invokeTestMethods(TestMethodWorker.java:146)
at org.testng.internal.TestMethodWorker.run(TestMethodWorker.java:128)
at java.util.ArrayList.forEach(ArrayList.java:1257)
at org.testng.TestRunner.privateRun(TestRunner.java:794)
at org.testng.TestRunner.run(TestRunner.java:596)
at org.testng.SuiteRunner.runTest(SuiteRunner.java:377)
at org.testng.SuiteRunner.runSequentially(SuiteRunner.java:371)
at org.testng.SuiteRunner.privateRun(SuiteRunner.java:332)
at org.testng.SuiteRunner.run(SuiteRunner.java:276)
at org.testng.SuiteRunnerWorker.runSuite(SuiteRunnerWorker.java:53)
at org.testng.SuiteRunnerWorker.run(SuiteRunnerWorker.java:96)
at org.testng.TestNG.runSuitesSequentially(TestNG.java:1212)
at org.testng.TestNG.runSuitesLocally(TestNG.java:1134)
at org.testng.TestNG.runSuites(TestNG.java:1063)
at org.testng.TestNG.run(TestNG.java:1031)
at org.apache.maven.surefire.testng.TestNGExecutor.run(TestNGExecutor.java:135)
at org.apache.maven.surefire.testng.TestNGDirectoryTestSuite.executeMulti(TestNGDirectoryTestSuite.java:193)
at org.apache.maven.surefire.testng.TestNGDirectoryTestSuite.execute(TestNGDirectoryTestSuite.java:94)
at org.apache.maven.surefire.testng.TestNGProvider.invoke(TestNGProvider.java:146)
at org.apache.maven.surefire.booter.ForkedBooter.invokeProviderInSameClassLoader(ForkedBooter.java:386)
at org.apache.maven.surefire.booter.ForkedBooter.runSuitesInProcess(ForkedBooter.java:323)
at org.apache.maven.surefire.booter.ForkedBooter.main(ForkedBooter.java:143)
]]>
            </full-stacktrace>
          </exception> <!-- java.lang.AssertionError -->
          <reporter-output>
          </reporter-output>
        </test-method> <!-- checkGenresEndpoints -->
        <test-method status="PASS" signature="getAll()[pri:0, instance:Tests@4690f583]" name="getAll" duration-ms="144" started-at="2021-08-17T17:46:17 EEST" finished-at="2021-08-17T17:46:17 EEST">
          <reporter-output>
          </reporter-output>
        </test-method> <!-- getAll -->
      </class> <!-- Tests -->
    </test> <!-- Surefire test -->
  </suite> <!-- Surefire suite -->
</testng-results>
