<?xml version="1.0" encoding="UTF-8"?>
<!-- Generated by org.testng.reporters.JUnitReportReporter -->
<testsuite skipped="0" hostname="DESKTOP-HNRFIL6" name="Tests" tests="3" failures="1" timestamp="2021-08-17T17:46:17 EEST" time="5.002" errors="0">
  <testcase name="checkGenresEndpoints" time="0.845" classname="Tests">
    <failure type="java.lang.AssertionError" message="
Expecting ArrayList:
  [&quot;Fairy tale&quot;,
    &quot;Fantasy&quot;,
    &quot;Biography/Autobiography&quot;,
    &quot;Historical fiction&quot;,
    &quot;Short story&quot;,
    &quot;Mythopoeia&quot;,
    &quot;Legend&quot;,
    &quot;Suspense/Thriller&quot;,
    &quot;Speech&quot;,
    &quot;Folklore&quot;]
to contain:
  [&quot;Leggend&quot;]
but could not find the following element(s):
  [&quot;Leggend&quot;]
">
      <![CDATA[java.lang.AssertionError: 
Expecting ArrayList:
  ["Fairy tale",
    "Fantasy",
    "Biography/Autobiography",
    "Historical fiction",
    "Short story",
    "Mythopoeia",
    "Legend",
    "Suspense/Thriller",
    "Speech",
    "Folklore"]
to contain:
  ["Leggend"]
but could not find the following element(s):
  ["Leggend"]

at webservices.GenreWebService.verifyListGenresContainsGenre(GenreWebService.java:106)
at Tests.checkGenresEndpoints(Tests.java:17)
at sun.reflect.NativeMethodAccessorImpl.invoke0(Native Method)
at sun.reflect.NativeMethodAccessorImpl.invoke(NativeMethodAccessorImpl.java:62)
at sun.reflect.DelegatingMethodAccessorImpl.invoke(DelegatingMethodAccessorImpl.java:43)
at java.lang.reflect.Method.invoke(Method.java:498)
at org.testng.internal.MethodInvocationHelper.invokeMethod(MethodInvocationHelper.java:133)
at org.testng.internal.TestInvoker.invokeMethod(TestInvoker.java:598)
at org.testng.internal.TestInvoker.invokeTestMethod(TestInvoker.java:173)
at org.testng.internal.MethodRunner.runInSequence(MethodRunner.java:46)
at org.testng.internal.TestInvoker$MethodInvocationAgent.invoke(TestInvoker.java:824)
at org.testng.internal.TestInvoker.invokeTestMethods(TestInvoker.java:146)
at org.testng.internal.TestMethodWorker.invokeTestMethods(TestMethodWorker.java:146)
at org.testng.internal.TestMethodWorker.run(TestMethodWorker.java:128)
at java.util.ArrayList.forEach(ArrayList.java:1257)
at org.testng.TestRunner.privateRun(TestRunner.java:794)
at org.testng.TestRunner.run(TestRunner.java:596)
at org.testng.SuiteRunner.runTest(SuiteRunner.java:377)
at org.testng.SuiteRunner.runSequentially(SuiteRunner.java:371)
at org.testng.SuiteRunner.privateRun(SuiteRunner.java:332)
at org.testng.SuiteRunner.run(SuiteRunner.java:276)
at org.testng.SuiteRunnerWorker.runSuite(SuiteRunnerWorker.java:53)
at org.testng.SuiteRunnerWorker.run(SuiteRunnerWorker.java:96)
at org.testng.TestNG.runSuitesSequentially(TestNG.java:1212)
at org.testng.TestNG.runSuitesLocally(TestNG.java:1134)
at org.testng.TestNG.runSuites(TestNG.java:1063)
at org.testng.TestNG.run(TestNG.java:1031)
at org.apache.maven.surefire.testng.TestNGExecutor.run(TestNGExecutor.java:135)
at org.apache.maven.surefire.testng.TestNGDirectoryTestSuite.executeMulti(TestNGDirectoryTestSuite.java:193)
at org.apache.maven.surefire.testng.TestNGDirectoryTestSuite.execute(TestNGDirectoryTestSuite.java:94)
at org.apache.maven.surefire.testng.TestNGProvider.invoke(TestNGProvider.java:146)
at org.apache.maven.surefire.booter.ForkedBooter.invokeProviderInSameClassLoader(ForkedBooter.java:386)
at org.apache.maven.surefire.booter.ForkedBooter.runSuitesInProcess(ForkedBooter.java:323)
at org.apache.maven.surefire.booter.ForkedBooter.main(ForkedBooter.java:143)
]]>
    </failure>
  </testcase> <!-- checkGenresEndpoints -->
  <system-out/>
  <testcase name="getAll" time="0.144" classname="Tests"/>
  <system-out/>
  <testcase name="checkAuthorEndpoints" time="4.013" classname="Tests"/>
  <system-out/>
</testsuite> <!-- Tests -->
